#! /usr/bin/env bash
exec /home/juan-diego/miniconda3/envs/digital/bin/vvp -f "$0" "$@" <<'# EOF'
:ivl_version "13.0 (devel)" "(0_8-6859-gf50cc35d2-dirty)";
:ivl_delay_selection "TYPICAL";
:vpi_time_precision - 12;
:vpi_module "/home/juan-diego/miniconda3/envs/digital/lib/ivl/system.vpi";
:vpi_module "/home/juan-diego/miniconda3/envs/digital/lib/ivl/vhdl_sys.vpi";
:vpi_module "/home/juan-diego/miniconda3/envs/digital/lib/ivl/vhdl_textio.vpi";
:vpi_module "/home/juan-diego/miniconda3/envs/digital/lib/ivl/v2005_math.vpi";
:vpi_module "/home/juan-diego/miniconda3/envs/digital/lib/ivl/va_math.vpi";
S_0x24cab7a0 .scope module, "tb_TOP_Multiplicador" "tb_TOP_Multiplicador" 2 3;
 .timescale -9 -12;
v0x24ccc520_0 .net "DONE", 0 0, v0x24cca160_0;  1 drivers
v0x24ccc630_0 .var/s "Multiplicador", 15 0;
v0x24ccc740_0 .var/s "Multiplicando", 15 0;
v0x24ccc830_0 .net "Resultado", 31 0, L_0x24c816b0;  1 drivers
v0x24ccc8f0_0 .var "clk", 0 0;
v0x24ccc9e0_0 .var "init", 0 0;
v0x24cccad0_0 .var "reset", 0 0;
E_0x24c8b170 .event anyedge, v0x24cca160_0;
S_0x24cab930 .scope module, "DUT" "TOP_Multiplicador" 2 16, 3 1 0, S_0x24cab7a0;
 .timescale -9 -12;
    .port_info 0 /INPUT 1 "reset";
    .port_info 1 /INPUT 1 "clk";
    .port_info 2 /INPUT 1 "init";
    .port_info 3 /INPUT 16 "Multiplicando";
    .port_info 4 /INPUT 16 "Multiplicador";
    .port_info 5 /OUTPUT 32 "Resultado";
    .port_info 6 /OUTPUT 1 "DONE";
L_0x24c816b0 .functor BUFZ 32, v0x24cc9410_0, C4<00000000000000000000000000000000>, C4<00000000000000000000000000000000>, C4<00000000000000000000000000000000>;
v0x24ccb6a0_0 .net/s "ACC", 31 0, v0x24c93170_0;  1 drivers
v0x24ccb780_0 .net "ACC_LSB", 0 0, L_0x24ccccd0;  1 drivers
v0x24ccb820_0 .net/s "A_long", 31 0, v0x24cc8de0_0;  1 drivers
v0x24ccb8c0_0 .net/s "B_long", 31 0, v0x24cc9410_0;  1 drivers
v0x24ccb960_0 .net "DONE", 0 0, v0x24cca160_0;  alias, 1 drivers
v0x24ccba00_0 .net/s "Multiplicador", 15 0, v0x24ccc630_0;  1 drivers
v0x24ccbad0_0 .net/s "Multiplicando", 15 0, v0x24ccc740_0;  1 drivers
v0x24ccbba0_0 .net "Resultado", 31 0, L_0x24c816b0;  alias, 1 drivers
v0x24ccbc40_0 .net "W_ADD", 0 0, v0x24cc9f40_0;  1 drivers
v0x24ccbd70_0 .net "W_DEC", 0 0, v0x24cca0c0_0;  1 drivers
v0x24ccbe60_0 .net "W_LD", 0 0, v0x24cca220_0;  1 drivers
v0x24ccbf00_0 .net "W_LSB", 0 0, L_0x24cccc10;  1 drivers
v0x24ccbff0_0 .net "W_SH", 0 0, v0x24cca470_0;  1 drivers
v0x24ccc090_0 .net "W_Z", 0 0, L_0x24cdd220;  1 drivers
v0x24ccc180_0 .net "clk", 0 0, v0x24ccc8f0_0;  1 drivers
v0x24ccc220_0 .net "count", 4 0, v0x24ccb330_0;  1 drivers
v0x24ccc2e0_0 .net "init", 0 0, v0x24ccc9e0_0;  1 drivers
v0x24ccc380_0 .net "reset", 0 0, v0x24cccad0_0;  1 drivers
S_0x24c4f440 .scope module, "ACC0" "Acumulador_Multiplicador" 3 54, 4 1 0, S_0x24cab930;
 .timescale 0 0;
    .port_info 0 /INPUT 1 "clk";
    .port_info 1 /INPUT 1 "LD";
    .port_info 2 /INPUT 1 "ADD";
    .port_info 3 /INPUT 1 "SH";
    .port_info 4 /INPUT 32 "A_long";
    .port_info 5 /OUTPUT 32 "ACC";
    .port_info 6 /OUTPUT 1 "ACC_LSB";
v0x24c93170_0 .var/s "ACC", 31 0;
v0x24c81800_0 .net "ACC_LSB", 0 0, L_0x24ccccd0;  alias, 1 drivers
v0x24c831b0_0 .net "ADD", 0 0, v0x24cc9f40_0;  alias, 1 drivers
v0x24c7e050_0 .net/s "A_long", 31 0, v0x24cc8de0_0;  alias, 1 drivers
v0x24c7cda0_0 .net "LD", 0 0, v0x24cca220_0;  alias, 1 drivers
v0x24ca8950_0 .net "SH", 0 0, v0x24cca470_0;  alias, 1 drivers
v0x24ca89f0_0 .net "clk", 0 0, v0x24ccc8f0_0;  alias, 1 drivers
E_0x24c72dd0 .event posedge, v0x24ca89f0_0;
L_0x24ccccd0 .part v0x24c93170_0, 0, 1;
S_0x24cc8b00 .scope module, "A_long_reg" "A_long_Multiplicador" 3 31, 5 1 0, S_0x24cab930;
 .timescale 0 0;
    .port_info 0 /INPUT 1 "clk";
    .port_info 1 /INPUT 1 "LD";
    .port_info 2 /INPUT 16 "A";
    .port_info 3 /OUTPUT 32 "A_long";
v0x24cc8d00_0 .net/s "A", 15 0, v0x24ccc740_0;  alias, 1 drivers
v0x24cc8de0_0 .var/s "A_long", 31 0;
v0x24cc8ea0_0 .net "LD", 0 0, v0x24cca220_0;  alias, 1 drivers
v0x24cc8f40_0 .net "clk", 0 0, v0x24ccc8f0_0;  alias, 1 drivers
S_0x24cc8fe0 .scope module, "B_long_reg" "B_long_Multiplicador" 3 41, 6 1 0, S_0x24cab930;
 .timescale 0 0;
    .port_info 0 /INPUT 1 "clk";
    .port_info 1 /INPUT 1 "LD";
    .port_info 2 /INPUT 1 "SH";
    .port_info 3 /INPUT 1 "ACC_LSB";
    .port_info 4 /INPUT 16 "B";
    .port_info 5 /OUTPUT 32 "B_long";
    .port_info 6 /OUTPUT 1 "LSB";
v0x24cc92b0_0 .net "ACC_LSB", 0 0, L_0x24ccccd0;  alias, 1 drivers
v0x24cc9350_0 .net/s "B", 15 0, v0x24ccc630_0;  alias, 1 drivers
v0x24cc9410_0 .var/s "B_long", 31 0;
v0x24cc9500_0 .net "LD", 0 0, v0x24cca220_0;  alias, 1 drivers
v0x24cc95f0_0 .net "LSB", 0 0, L_0x24cccc10;  alias, 1 drivers
v0x24cc9700_0 .net "SH", 0 0, v0x24cca470_0;  alias, 1 drivers
v0x24cc97a0_0 .net "clk", 0 0, v0x24ccc8f0_0;  alias, 1 drivers
L_0x24cccc10 .part v0x24cc9410_0, 0, 1;
S_0x24cc9950 .scope module, "Control_Multiplicador0" "Control_Multiplicador" 3 77, 7 1 0, S_0x24cab930;
 .timescale 0 0;
    .port_info 0 /INPUT 1 "clk";
    .port_info 1 /INPUT 1 "init";
    .port_info 2 /INPUT 1 "Z";
    .port_info 3 /INPUT 1 "LSB";
    .port_info 4 /OUTPUT 1 "ADD";
    .port_info 5 /OUTPUT 1 "SH";
    .port_info 6 /OUTPUT 1 "DEC";
    .port_info 7 /OUTPUT 1 "LD";
    .port_info 8 /OUTPUT 1 "DONE";
P_0x24cc9b30 .param/l "S_ADD" 0 7 20, C4<010>;
P_0x24cc9b70 .param/l "S_CHECK" 0 7 19, C4<001>;
P_0x24cc9bb0 .param/l "S_END" 0 7 22, C4<100>;
P_0x24cc9bf0 .param/l "S_SHIFT" 0 7 21, C4<011>;
P_0x24cc9c30 .param/l "S_START" 0 7 18, C4<000>;
v0x24cc9f40_0 .var "ADD", 0 0;
v0x24cca000_0 .var "COUNT", 5 0;
v0x24cca0c0_0 .var "DEC", 0 0;
v0x24cca160_0 .var "DONE", 0 0;
v0x24cca220_0 .var "LD", 0 0;
v0x24cca310_0 .net "LSB", 0 0, L_0x24cccc10;  alias, 1 drivers
v0x24cca3b0_0 .var "NEXT_STATE", 2 0;
v0x24cca470_0 .var "SH", 0 0;
v0x24cca560_0 .net "Z", 0 0, L_0x24cdd220;  alias, 1 drivers
v0x24cca620_0 .net "clk", 0 0, v0x24ccc8f0_0;  alias, 1 drivers
v0x24cca6c0_0 .net "init", 0 0, v0x24ccc9e0_0;  alias, 1 drivers
E_0x24c8a6b0 .event anyedge, v0x24cca3b0_0;
S_0x24cca8a0 .scope module, "contador_Multiplicador0" "contador_Multiplicador" 3 67, 8 1 0, S_0x24cab930;
 .timescale 0 0;
    .port_info 0 /INPUT 1 "clk";
    .port_info 1 /INPUT 1 "reset";
    .port_info 2 /INPUT 1 "in";
    .port_info 3 /OUTPUT 5 "out";
    .port_info 4 /OUTPUT 1 "zero";
v0x24ccaa80_0 .net *"_ivl_0", 31 0, L_0x24cccde0;  1 drivers
L_0x70995f2e40f0 .functor BUFT 1, C4<00>, C4<0>, C4<0>, C4<0>;
v0x24ccab80_0 .net/2s *"_ivl_10", 1 0, L_0x70995f2e40f0;  1 drivers
v0x24ccac60_0 .net *"_ivl_12", 1 0, L_0x24cdd090;  1 drivers
L_0x70995f2e4018 .functor BUFT 1, C4<000000000000000000000000000>, C4<0>, C4<0>, C4<0>;
v0x24ccad20_0 .net *"_ivl_3", 26 0, L_0x70995f2e4018;  1 drivers
L_0x70995f2e4060 .functor BUFT 1, C4<00000000000000000000000000000000>, C4<0>, C4<0>, C4<0>;
v0x24ccae00_0 .net/2u *"_ivl_4", 31 0, L_0x70995f2e4060;  1 drivers
v0x24ccaf30_0 .net *"_ivl_6", 0 0, L_0x24cdcf50;  1 drivers
L_0x70995f2e40a8 .functor BUFT 1, C4<01>, C4<0>, C4<0>, C4<0>;
v0x24ccaff0_0 .net/2s *"_ivl_8", 1 0, L_0x70995f2e40a8;  1 drivers
v0x24ccb0d0_0 .net "clk", 0 0, v0x24ccc8f0_0;  alias, 1 drivers
v0x24ccb200_0 .net "in", 0 0, v0x24cca0c0_0;  alias, 1 drivers
v0x24ccb330_0 .var "out", 4 0;
v0x24ccb3f0_0 .net "reset", 0 0, v0x24cca220_0;  alias, 1 drivers
v0x24ccb520_0 .net "zero", 0 0, L_0x24cdd220;  alias, 1 drivers
L_0x24cccde0 .concat [ 5 27 0 0], v0x24ccb330_0, L_0x70995f2e4018;
L_0x24cdcf50 .cmp/eq 32, L_0x24cccde0, L_0x70995f2e4060;
L_0x24cdd090 .functor MUXZ 2, L_0x70995f2e40f0, L_0x70995f2e40a8, L_0x24cdcf50, C4<>;
L_0x24cdd220 .part L_0x24cdd090, 0, 1;
    .scope S_0x24cc8b00;
T_0 ;
    %wait E_0x24c72dd0;
    %load/vec4 v0x24cc8ea0_0;
    %flag_set/vec4 8;
    %jmp/0xz  T_0.0, 8;
    %load/vec4 v0x24cc8d00_0;
    %parti/s 1, 15, 5;
    %replicate 16;
    %load/vec4 v0x24cc8d00_0;
    %concat/vec4; draw_concat_vec4
    %assign/vec4 v0x24cc8de0_0, 0;
T_0.0 ;
    %jmp T_0;
    .thread T_0;
    .scope S_0x24cc8fe0;
T_1 ;
    %wait E_0x24c72dd0;
    %load/vec4 v0x24cc9500_0;
    %flag_set/vec4 8;
    %jmp/0xz  T_1.0, 8;
    %load/vec4 v0x24cc9350_0;
    %parti/s 1, 15, 5;
    %replicate 16;
    %load/vec4 v0x24cc9350_0;
    %concat/vec4; draw_concat_vec4
    %assign/vec4 v0x24cc9410_0, 0;
    %jmp T_1.1;
T_1.0 ;
    %load/vec4 v0x24cc9700_0;
    %flag_set/vec4 8;
    %jmp/0xz  T_1.2, 8;
    %load/vec4 v0x24cc92b0_0;
    %load/vec4 v0x24cc9410_0;
    %parti/s 31, 1, 2;
    %concat/vec4; draw_concat_vec4
    %assign/vec4 v0x24cc9410_0, 0;
T_1.2 ;
T_1.1 ;
    %jmp T_1;
    .thread T_1;
    .scope S_0x24c4f440;
T_2 ;
    %wait E_0x24c72dd0;
    %load/vec4 v0x24c7cda0_0;
    %flag_set/vec4 8;
    %jmp/0xz  T_2.0, 8;
    %pushi/vec4 0, 0, 32;
    %assign/vec4 v0x24c93170_0, 0;
    %jmp T_2.1;
T_2.0 ;
    %load/vec4 v0x24c831b0_0;
    %flag_set/vec4 8;
    %jmp/0xz  T_2.2, 8;
    %load/vec4 v0x24c93170_0;
    %load/vec4 v0x24c7e050_0;
    %add;
    %assign/vec4 v0x24c93170_0, 0;
    %jmp T_2.3;
T_2.2 ;
    %load/vec4 v0x24ca8950_0;
    %flag_set/vec4 8;
    %jmp/0xz  T_2.4, 8;
    %load/vec4 v0x24c93170_0;
    %ix/load 4, 1, 0;
    %flag_set/imm 4, 0;
    %shiftr/s 4;
    %assign/vec4 v0x24c93170_0, 0;
T_2.4 ;
T_2.3 ;
T_2.1 ;
    %jmp T_2;
    .thread T_2;
    .scope S_0x24cca8a0;
T_3 ;
    %wait E_0x24c72dd0;
    %load/vec4 v0x24ccb3f0_0;
    %flag_set/vec4 8;
    %jmp/0xz  T_3.0, 8;
    %pushi/vec4 31, 0, 5;
    %assign/vec4 v0x24ccb330_0, 0;
    %jmp T_3.1;
T_3.0 ;
    %load/vec4 v0x24ccb200_0;
    %flag_set/vec4 9;
    %flag_get/vec4 9;
    %jmp/0 T_3.4, 9;
    %load/vec4 v0x24ccb330_0;
    %pad/u 32;
    %pushi/vec4 0, 0, 32;
    %cmp/ne;
    %flag_get/vec4 4;
    %and;
T_3.4;
    %flag_set/vec4 8;
    %jmp/0xz  T_3.2, 8;
    %load/vec4 v0x24ccb330_0;
    %subi 1, 0, 5;
    %assign/vec4 v0x24ccb330_0, 0;
T_3.2 ;
T_3.1 ;
    %jmp T_3;
    .thread T_3;
    .scope S_0x24cc9950;
T_4 ;
    %wait E_0x24c72dd0;
    %load/vec4 v0x24cca3b0_0;
    %dup/vec4;
    %pushi/vec4 0, 0, 3;
    %cmp/u;
    %jmp/1 T_4.0, 6;
    %dup/vec4;
    %pushi/vec4 1, 0, 3;
    %cmp/u;
    %jmp/1 T_4.1, 6;
    %dup/vec4;
    %pushi/vec4 2, 0, 3;
    %cmp/u;
    %jmp/1 T_4.2, 6;
    %dup/vec4;
    %pushi/vec4 3, 0, 3;
    %cmp/u;
    %jmp/1 T_4.3, 6;
    %dup/vec4;
    %pushi/vec4 4, 0, 3;
    %cmp/u;
    %jmp/1 T_4.4, 6;
    %pushi/vec4 0, 0, 3;
    %store/vec4 v0x24cca3b0_0, 0, 3;
    %jmp T_4.6;
T_4.0 ;
    %load/vec4 v0x24cca6c0_0;
    %flag_set/vec4 8;
    %jmp/0xz  T_4.7, 8;
    %pushi/vec4 1, 0, 3;
    %store/vec4 v0x24cca3b0_0, 0, 3;
    %jmp T_4.8;
T_4.7 ;
    %pushi/vec4 0, 0, 3;
    %store/vec4 v0x24cca3b0_0, 0, 3;
T_4.8 ;
    %jmp T_4.6;
T_4.1 ;
    %load/vec4 v0x24cca560_0;
    %flag_set/vec4 8;
    %jmp/0xz  T_4.9, 8;
    %pushi/vec4 4, 0, 3;
    %store/vec4 v0x24cca3b0_0, 0, 3;
T_4.9 ;
    %load/vec4 v0x24cca310_0;
    %flag_set/vec4 8;
    %jmp/0xz  T_4.11, 8;
    %pushi/vec4 2, 0, 3;
    %store/vec4 v0x24cca3b0_0, 0, 3;
    %jmp T_4.12;
T_4.11 ;
    %pushi/vec4 3, 0, 3;
    %store/vec4 v0x24cca3b0_0, 0, 3;
T_4.12 ;
    %jmp T_4.6;
T_4.2 ;
    %pushi/vec4 3, 0, 3;
    %store/vec4 v0x24cca3b0_0, 0, 3;
    %jmp T_4.6;
T_4.3 ;
    %load/vec4 v0x24cca560_0;
    %flag_set/vec4 8;
    %jmp/0xz  T_4.13, 8;
    %pushi/vec4 4, 0, 3;
    %store/vec4 v0x24cca3b0_0, 0, 3;
    %jmp T_4.14;
T_4.13 ;
    %pushi/vec4 1, 0, 3;
    %store/vec4 v0x24cca3b0_0, 0, 3;
T_4.14 ;
    %jmp T_4.6;
T_4.4 ;
    %load/vec4 v0x24cca000_0;
    %addi 1, 0, 6;
    %store/vec4 v0x24cca000_0, 0, 6;
    %load/vec4 v0x24cca000_0;
    %pad/u 32;
    %cmpi/u 30, 0, 32;
    %flag_or 5, 4; GT is !LE
    %flag_inv 5;
    %flag_mov 8, 5;
    %jmp/0 T_4.15, 8;
    %pushi/vec4 0, 0, 3;
    %jmp/1 T_4.16, 8;
T_4.15 ; End of true expr.
    %pushi/vec4 4, 0, 3;
    %jmp/0 T_4.16, 8;
 ; End of false expr.
    %blend;
T_4.16;
    %store/vec4 v0x24cca3b0_0, 0, 3;
    %jmp T_4.6;
T_4.6 ;
    %pop/vec4 1;
    %jmp T_4;
    .thread T_4;
    .scope S_0x24cc9950;
T_5 ;
    %wait E_0x24c8a6b0;
    %load/vec4 v0x24cca3b0_0;
    %dup/vec4;
    %pushi/vec4 0, 0, 3;
    %cmp/u;
    %jmp/1 T_5.0, 6;
    %dup/vec4;
    %pushi/vec4 1, 0, 3;
    %cmp/u;
    %jmp/1 T_5.1, 6;
    %dup/vec4;
    %pushi/vec4 2, 0, 3;
    %cmp/u;
    %jmp/1 T_5.2, 6;
    %dup/vec4;
    %pushi/vec4 3, 0, 3;
    %cmp/u;
    %jmp/1 T_5.3, 6;
    %dup/vec4;
    %pushi/vec4 4, 0, 3;
    %cmp/u;
    %jmp/1 T_5.4, 6;
    %pushi/vec4 0, 0, 1;
    %store/vec4 v0x24cc9f40_0, 0, 1;
    %pushi/vec4 0, 0, 1;
    %store/vec4 v0x24cca470_0, 0, 1;
    %pushi/vec4 0, 0, 1;
    %store/vec4 v0x24cca0c0_0, 0, 1;
    %pushi/vec4 0, 0, 1;
    %store/vec4 v0x24cca220_0, 0, 1;
    %pushi/vec4 0, 0, 1;
    %store/vec4 v0x24cca160_0, 0, 1;
    %jmp T_5.6;
T_5.0 ;
    %pushi/vec4 0, 0, 1;
    %store/vec4 v0x24cc9f40_0, 0, 1;
    %pushi/vec4 0, 0, 1;
    %store/vec4 v0x24cca470_0, 0, 1;
    %pushi/vec4 0, 0, 1;
    %store/vec4 v0x24cca0c0_0, 0, 1;
    %pushi/vec4 1, 0, 1;
    %store/vec4 v0x24cca220_0, 0, 1;
    %pushi/vec4 0, 0, 1;
    %store/vec4 v0x24cca160_0, 0, 1;
    %jmp T_5.6;
T_5.1 ;
    %pushi/vec4 0, 0, 1;
    %store/vec4 v0x24cc9f40_0, 0, 1;
    %pushi/vec4 0, 0, 1;
    %store/vec4 v0x24cca470_0, 0, 1;
    %pushi/vec4 0, 0, 1;
    %store/vec4 v0x24cca0c0_0, 0, 1;
    %pushi/vec4 0, 0, 1;
    %store/vec4 v0x24cca220_0, 0, 1;
    %pushi/vec4 0, 0, 1;
    %store/vec4 v0x24cca160_0, 0, 1;
    %jmp T_5.6;
T_5.2 ;
    %pushi/vec4 1, 0, 1;
    %store/vec4 v0x24cc9f40_0, 0, 1;
    %pushi/vec4 0, 0, 1;
    %store/vec4 v0x24cca470_0, 0, 1;
    %pushi/vec4 0, 0, 1;
    %store/vec4 v0x24cca0c0_0, 0, 1;
    %pushi/vec4 0, 0, 1;
    %store/vec4 v0x24cca220_0, 0, 1;
    %pushi/vec4 0, 0, 1;
    %store/vec4 v0x24cca160_0, 0, 1;
    %jmp T_5.6;
T_5.3 ;
    %pushi/vec4 0, 0, 1;
    %store/vec4 v0x24cc9f40_0, 0, 1;
    %pushi/vec4 1, 0, 1;
    %store/vec4 v0x24cca470_0, 0, 1;
    %pushi/vec4 1, 0, 1;
    %store/vec4 v0x24cca0c0_0, 0, 1;
    %pushi/vec4 0, 0, 1;
    %store/vec4 v0x24cca220_0, 0, 1;
    %pushi/vec4 0, 0, 1;
    %store/vec4 v0x24cca160_0, 0, 1;
    %jmp T_5.6;
T_5.4 ;
    %pushi/vec4 0, 0, 1;
    %store/vec4 v0x24cc9f40_0, 0, 1;
    %pushi/vec4 0, 0, 1;
    %store/vec4 v0x24cca470_0, 0, 1;
    %pushi/vec4 0, 0, 1;
    %store/vec4 v0x24cca0c0_0, 0, 1;
    %pushi/vec4 0, 0, 1;
    %store/vec4 v0x24cca220_0, 0, 1;
    %pushi/vec4 1, 0, 1;
    %store/vec4 v0x24cca160_0, 0, 1;
    %jmp T_5.6;
T_5.6 ;
    %pop/vec4 1;
    %jmp T_5;
    .thread T_5, $push;
    .scope S_0x24cab7a0;
T_6 ;
    %delay 5000, 0;
    %load/vec4 v0x24ccc8f0_0;
    %inv;
    %store/vec4 v0x24ccc8f0_0, 0, 1;
    %jmp T_6;
    .thread T_6;
    .scope S_0x24cab7a0;
T_7 ;
    %vpi_call 2 33 "$dumpfile", "multiplicador.vcd" {0 0 0};
    %vpi_call 2 34 "$dumpvars", 32'sb00000000000000000000000000000000, S_0x24cab7a0 {0 0 0};
    %pushi/vec4 0, 0, 1;
    %store/vec4 v0x24ccc8f0_0, 0, 1;
    %pushi/vec4 0, 0, 1;
    %store/vec4 v0x24cccad0_0, 0, 1;
    %pushi/vec4 0, 0, 1;
    %store/vec4 v0x24ccc9e0_0, 0, 1;
    %pushi/vec4 65436, 0, 16;
    %store/vec4 v0x24ccc740_0, 0, 16;
    %pushi/vec4 1000, 0, 16;
    %store/vec4 v0x24ccc630_0, 0, 16;
    %delay 10000, 0;
    %pushi/vec4 1, 0, 1;
    %store/vec4 v0x24cccad0_0, 0, 1;
    %delay 10000, 0;
    %pushi/vec4 0, 0, 1;
    %store/vec4 v0x24cccad0_0, 0, 1;
    %delay 10000, 0;
    %pushi/vec4 1, 0, 1;
    %store/vec4 v0x24ccc9e0_0, 0, 1;
    %delay 10000, 0;
    %pushi/vec4 0, 0, 1;
    %store/vec4 v0x24ccc9e0_0, 0, 1;
T_7.0 ;
    %load/vec4 v0x24ccc520_0;
    %cmpi/ne 1, 0, 1;
    %jmp/0xz T_7.1, 6;
    %wait E_0x24c8b170;
    %jmp T_7.0;
T_7.1 ;
    %delay 50000, 0;
    %vpi_call 2 55 "$finish" {0 0 0};
    %end;
    .thread T_7;
    .scope S_0x24cab7a0;
T_8 ;
    %vpi_call 2 61 "$display", "--------------------------------------------------------------------------" {0 0 0};
    %vpi_call 2 62 "$display", "time | state se\303\261ales internas" {0 0 0};
    %vpi_call 2 63 "$display", "--------------------------------------------------------------------------" {0 0 0};
    %vpi_call 2 65 "$monitor", "t=%0t | LD=%b ADD=%b SH=%b DEC=%b | A_long=%b | B_long=%b | ACC=%b | count=%b | DONE=%b", $time, v0x24ccbe60_0, v0x24ccbc40_0, v0x24ccbff0_0, v0x24ccbd70_0, v0x24ccb820_0, v0x24ccb8c0_0, v0x24ccb6a0_0, v0x24ccc220_0, v0x24ccc520_0 {0 0 0};
    %end;
    .thread T_8;
# The file index is used to find the file name in the following table.
:file_names 9;
    "N/A";
    "<interactive>";
    "Testbench_Multiplicador.v";
    "TOP_Multiplicador.v";
    "Acumulador_Multiplicador.v";
    "A_long_Multiplicador.v";
    "B_long_Multiplicador.v";
    "Control_Multiplicador.v";
    "Contador_Multiplicador.v";
# EOF
